25.10.12 22:00:26 [TP-Processor20] DEBUG com.ftc.xml.dsig.XMLSignature SCT:13a97bf1c76 - digest: < [<Manifest Id="Res0"><Reference IDREF="Res1">

<Transforms> <Transform Algorithm="http://www.w3.org/TR/1999/WD-xml-c14n-19991115"></Transform> </Transforms>

<DigestMethod Algorithm="http://www.w3.org/2000/01/xmldsig/md5"></DigestMethod>

<DigestValue Encoding="http://www.w3.org/2000/01/xmldsig/base64"> a2VRh7zanDzOOTav4POLDw== </DigestValue>
</Reference>
</Manifest>]

--------------------

25.10.12 21:35:50 [TP-Processor1] DEBUG com.ftc.xml.dsig.DigestMethodMD5 SCT:13a97bf1c76 - update: [<n1:Object xmlns:n1="http://www.w3.org/2000/01/xmldsig/" Id="Res2"><SignatureProperties><SignatureProperty Target="TimeStamp"><randomstamp>YPj2onoPxN2uSKs9nGnGWA==</randomstamp><date>2012-10-25</date><time>21:35:50:386</time></SignatureProperty></SignatureProperties></n1:Object>]
25.10.12 21:35:50 [TP-Processor1] DEBUG com.ftc.xml.dsig.DigestMethodMD5 SCT:13a97bf1c76 - update: (hex) [3C6E313A4F626A65637420786D6C6E733A6E313D22687474703A2F2F7777772E77332E6F72672F323030302F30312F786D6C647369672F2

---------------------

23.10.12 19:18:09 [TP-Processor7] TRACE com.ftc.bankplus.client.cards.cam.CamCardServiceClient SCT:13a8d8eeddd - REQ:
<?xml version="1.0" encoding="utf-8"?><soap:Envelope xmlns:soap="http://schemas.xmlsoap.org/soap/envelope/" xmlns:urn="urn:cam-ws"> <soap:Body> <urn:getAccOpers> <requestData> <callingSystem>faktura</callingSystem> <extReqId>35</extReqId> <idType>ACC_ID</idType> <idData>09000000000000104065</idData> </requestData> <needBalance>true</needBalance> <lastCountFilter> <lastCount>50</lastCount> </lastCountFilter> </urn:getAccOpers> </soap:Body></soap:Envelope>gsdfgsdfg

----------------------

23.10.12 19:18:14 [TP-Processor7] DEBUG com.ftc.bankplus.loyalty.LoyaltyClient SCT:13a8d8eeddd - answer: <?xml version='1.0' encoding='UTF-8'?>

<response xmlns="http://ftc.ru/loyalty/api/standard-response/generic/1.x">
<code>OK</code>
...
</payload>
</response>

----------------------

23.10.12 19:28:58 [TP-Processor18] DEBUG CityAgent SCT:13a8d8eeddd - [REQ] CityInstanceBELON: <Document><GIN><FORMS><ReqServiceForm><srvnum>7186</srvnum></ReqServiceForm></FORMS><META-INF><ENTRY><name> termID</name><value>BELON</value></ENTRY><ENTRY><name>GET_ALL</name><value>1</value></ENTRY><ENTRY><name>TERMINAL </name><value>4FAKTURA</value></ENTRY></META-INF></GIN></Document>

----------------------

2012-10-24 13:08:00,323 [http-9014-Processor23] DEBUG [LiteEngine] generateOTP
doc4hash: [<payment><amount>100.00</amount><payee bic="045004832" account="40911810100060000005" name="РНКО 'ПЛАТЕЖНЫЙ ЦЕНТР' (ООО)"/><payment-info>Оплата Сотовый - Билайн #508# тел.9019111111, док 2196946604

Без налога (НДС).</payment-info><order id="2196946604"/></payment>]
docHash: ru.cft.web.mDSE.model.DocHash@135ecf1
doc4sms: [N695: 100.00руб. Сотовый - Билайн #508#]

-----------------------

